FridgeButler/app/build/intermediates/manifest_merge_blame_file/debug/manifest-merger-blame-debug-report.txt
1<?xml version="1.0" encoding="utf-8"?>
2<manifest xmlns:android="http://schemas.android.com/apk/res/android"
3    package="comp5216.sydney.edu.fridgebutler"
4    android:versionCode="1"
5    android:versionName="1.0" >
6
7    <uses-sdk
8        android:minSdkVersion="24"
8-->src\main\AndroidManifest.xml
9        android:targetSdkVersion="31" />
9-->src\main\AndroidManifest.xml
10    <!--
11         The ACCESS_COARSE/FINE_LOCATION permissions are not required to use
12         Google Maps Android API v2, but you must specify either coarse or fine
13         location permissions for the "MyLocation" functionality.
14    -->
15    <uses-permission android:name="android.permission.ACCESS_COARSE_LOCATION" />
15-->src\main\AndroidManifest.xml:9:5-81
15-->src\main\AndroidManifest.xml:9:22-78
16    <uses-permission android:name="android.permission.ACCESS_FINE_LOCATION" />
16-->src\main\AndroidManifest.xml:10:5-79
16-->src\main\AndroidManifest.xml:10:22-76
17    <uses-permission android:name="android.permission.INTERNET" />
17-->src\main\AndroidManifest.xml:11:5-67
17-->src\main\AndroidManifest.xml:11:22-64
18    <uses-permission android:name="android.permission.ACCESS_NETWORK_STATE" />
18-->[com.google.firebase:firebase-auth:21.0.1] AndroidManifest.xml:24:5-79
18-->[com.google.firebase:firebase-auth:21.0.1] AndroidManifest.xml:24:22-76
19
20    <uses-feature
20-->[com.google.android.gms:play-services-maps:17.0.1] AndroidManifest.xml:26:5-28:35
21        android:glEsVersion="0x00020000"
21-->[com.google.android.gms:play-services-maps:17.0.1] AndroidManifest.xml:27:9-41
22        android:required="true" />
22-->[com.google.android.gms:play-services-maps:17.0.1] AndroidManifest.xml:28:9-32
23
24    <queries>
24-->[com.google.android.gms:play-services-maps:17.0.1] AndroidManifest.xml:30:5-34:15
25
26        <!-- Needs to be explicitly declared on Android R+ -->
27        <package android:name="com.google.android.apps.maps" />
27-->[com.google.android.gms:play-services-maps:17.0.1] AndroidManifest.xml:33:9-64
27-->[com.google.android.gms:play-services-maps:17.0.1] AndroidManifest.xml:33:18-61
28    </queries>
29
30    <uses-permission android:name="android.permission.WAKE_LOCK" />
30-->[com.google.android.gms:play-services-measurement-api:19.0.2] AndroidManifest.xml:24:5-68
30-->[com.google.android.gms:play-services-measurement-api:19.0.2] AndroidManifest.xml:24:22-65
31    <uses-permission android:name="com.google.android.finsky.permission.BIND_GET_INSTALL_REFERRER_SERVICE" />
31-->[com.google.android.gms:play-services-measurement:19.0.2] AndroidManifest.xml:26:5-110
31-->[com.google.android.gms:play-services-measurement:19.0.2] AndroidManifest.xml:26:22-107
32
33    <application
33-->src\main\AndroidManifest.xml:13:5-66:19
34        android:allowBackup="true"
34-->src\main\AndroidManifest.xml:14:9-35
35        android:appComponentFactory="androidx.core.app.CoreComponentFactory"
35-->[androidx.core:core:1.5.0] AndroidManifest.xml:24:18-86
36        android:debuggable="true"
37        android:extractNativeLibs="false"
38        android:icon="@mipmap/ic_launcher"
38-->src\main\AndroidManifest.xml:15:9-43
39        android:label="@string/app_name"
39-->src\main\AndroidManifest.xml:16:9-41
40        android:roundIcon="@mipmap/ic_launcher_round"
40-->src\main\AndroidManifest.xml:17:9-54
41        android:supportsRtl="true"
41-->src\main\AndroidManifest.xml:18:9-35
42        android:testOnly="true"
43        android:theme="@style/Theme.FridgeButler" >
43-->src\main\AndroidManifest.xml:19:9-50
44        <activity
44-->src\main\AndroidManifest.xml:20:9-22:39
45            android:name="comp5216.sydney.edu.fridgebutler.recipe.SelectedRecipe"
45-->src\main\AndroidManifest.xml:21:13-50
46            android:exported="true" />
46-->src\main\AndroidManifest.xml:22:13-36
47        <activity
47-->src\main\AndroidManifest.xml:23:9-25:39
48            android:name="comp5216.sydney.edu.fridgebutler.recipe.RecommendRecipe"
48-->src\main\AndroidManifest.xml:24:13-51
49            android:exported="true" />
49-->src\main\AndroidManifest.xml:25:13-36
50        <!--
51             The API key for Google Maps-based APIs is defined as a string resource.
52             (See the file "res/values/google_maps_api.xml").
53             Note that the API key is linked to the encryption key used to sign the APK.
54             You need a different API key for each encryption key, including the release key that is used to
55             sign the APK for publishing.
56             You can define the keys for the debug and release targets in src/debug/ and src/release/.
57        -->
58        <meta-data
58-->src\main\AndroidManifest.xml:34:9-36:55
59            android:name="com.google.android.geo.API_KEY"
59-->src\main\AndroidManifest.xml:35:13-58
60            android:value="@string/google_maps_key" />
60-->src\main\AndroidManifest.xml:36:13-52
61
62        <activity
62-->src\main\AndroidManifest.xml:38:9-41:59
63            android:name="comp5216.sydney.edu.fridgebutler.Map.MapsActivity"
63-->src\main\AndroidManifest.xml:39:13-45
64            android:exported="true"
64-->src\main\AndroidManifest.xml:40:13-36
65            android:label="@string/title_activity_maps" />
65-->src\main\AndroidManifest.xml:41:13-56
66        <activity
66-->src\main\AndroidManifest.xml:42:9-44:39
67            android:name="comp5216.sydney.edu.fridgebutler.Register"
67-->src\main\AndroidManifest.xml:43:13-37
68            android:exported="true" />
68-->src\main\AndroidManifest.xml:44:13-36
69        <activity
69-->src\main\AndroidManifest.xml:45:9-47:39
70            android:name="comp5216.sydney.edu.fridgebutler.EditList"
70-->src\main\AndroidManifest.xml:46:13-37
71            android:exported="true" />
71-->src\main\AndroidManifest.xml:47:13-36
72        <activity
72-->src\main\AndroidManifest.xml:48:9-50:39
73            android:name="comp5216.sydney.edu.fridgebutler.Setting"
73-->src\main\AndroidManifest.xml:49:13-36
74            android:exported="true" />
74-->src\main\AndroidManifest.xml:50:13-36
75        <activity
75-->src\main\AndroidManifest.xml:51:9-53:39
76            android:name="comp5216.sydney.edu.fridgebutler.ShowProfile"
76-->src\main\AndroidManifest.xml:52:13-40
77            android:exported="true" />
77-->src\main\AndroidManifest.xml:53:13-36
78        <activity
78-->src\main\AndroidManifest.xml:54:9-56:39
79            android:name="comp5216.sydney.edu.fridgebutler.MainActivity"
79-->src\main\AndroidManifest.xml:55:13-41
80            android:exported="true" />
80-->src\main\AndroidManifest.xml:56:13-36
81        <activity
81-->src\main\AndroidManifest.xml:57:9-65:20
82            android:name="comp5216.sydney.edu.fridgebutler.Login"
82-->src\main\AndroidManifest.xml:58:13-34
83            android:exported="true" >
83-->src\main\AndroidManifest.xml:59:13-36
84            <intent-filter>
84-->src\main\AndroidManifest.xml:60:13-64:29
85                <action android:name="android.intent.action.MAIN" />
85-->src\main\AndroidManifest.xml:61:17-69
85-->src\main\AndroidManifest.xml:61:25-66
86
87                <category android:name="android.intent.category.LAUNCHER" />
87-->src\main\AndroidManifest.xml:63:17-77
87-->src\main\AndroidManifest.xml:63:27-74
88            </intent-filter>
89        </activity>
90        <activity
90-->[com.karumi:dexter:6.2.3] AndroidManifest.xml:27:9-29:72
91            android:name="com.karumi.dexter.DexterActivity"
91-->[com.karumi:dexter:6.2.3] AndroidManifest.xml:28:13-60
92            android:theme="@style/Dexter.Internal.Theme.Transparent" />
92-->[com.karumi:dexter:6.2.3] AndroidManifest.xml:29:13-69
93        <activity
93-->[com.google.firebase:firebase-auth:21.0.1] AndroidManifest.xml:27:9-44:20
94            android:name="com.google.firebase.auth.internal.GenericIdpActivity"
94-->[com.google.firebase:firebase-auth:21.0.1] AndroidManifest.xml:28:13-80
95            android:excludeFromRecents="true"
95-->[com.google.firebase:firebase-auth:21.0.1] AndroidManifest.xml:29:13-46
96            android:exported="true"
96-->[com.google.firebase:firebase-auth:21.0.1] AndroidManifest.xml:30:13-36
97            android:launchMode="singleTask"
97-->[com.google.firebase:firebase-auth:21.0.1] AndroidManifest.xml:31:13-44
98            android:theme="@android:style/Theme.Translucent.NoTitleBar" >
98-->[com.google.firebase:firebase-auth:21.0.1] AndroidManifest.xml:32:13-72
99            <intent-filter>
99-->[com.google.firebase:firebase-auth:21.0.1] AndroidManifest.xml:33:13-43:29
100                <action android:name="android.intent.action.VIEW" />
100-->[com.google.firebase:firebase-auth:21.0.1] AndroidManifest.xml:34:17-69
100-->[com.google.firebase:firebase-auth:21.0.1] AndroidManifest.xml:34:25-66
101
102                <category android:name="android.intent.category.DEFAULT" />
102-->[com.google.firebase:firebase-auth:21.0.1] AndroidManifest.xml:36:17-76
102-->[com.google.firebase:firebase-auth:21.0.1] AndroidManifest.xml:36:27-73
103                <category android:name="android.intent.category.BROWSABLE" />
103-->[com.google.firebase:firebase-auth:21.0.1] AndroidManifest.xml:37:17-78
103-->[com.google.firebase:firebase-auth:21.0.1] AndroidManifest.xml:37:27-75
104
105                <data
105-->[com.google.firebase:firebase-auth:21.0.1] AndroidManifest.xml:39:17-42:51
106                    android:host="firebase.auth"
106-->[com.google.firebase:firebase-auth:21.0.1] AndroidManifest.xml:40:21-49
107                    android:path="/"
107-->[com.google.firebase:firebase-auth:21.0.1] AndroidManifest.xml:41:21-37
108                    android:scheme="genericidp" />
108-->[com.google.firebase:firebase-auth:21.0.1] AndroidManifest.xml:42:21-48
109            </intent-filter>
110        </activity>
111        <activity
111-->[com.google.firebase:firebase-auth:21.0.1] AndroidManifest.xml:45:9-62:20
112            android:name="com.google.firebase.auth.internal.RecaptchaActivity"
112-->[com.google.firebase:firebase-auth:21.0.1] AndroidManifest.xml:46:13-79
113            android:excludeFromRecents="true"
113-->[com.google.firebase:firebase-auth:21.0.1] AndroidManifest.xml:47:13-46
114            android:exported="true"
114-->[com.google.firebase:firebase-auth:21.0.1] AndroidManifest.xml:48:13-36
115            android:launchMode="singleTask"
115-->[com.google.firebase:firebase-auth:21.0.1] AndroidManifest.xml:49:13-44
116            android:theme="@android:style/Theme.Translucent.NoTitleBar" >
116-->[com.google.firebase:firebase-auth:21.0.1] AndroidManifest.xml:50:13-72
117            <intent-filter>
117-->[com.google.firebase:firebase-auth:21.0.1] AndroidManifest.xml:51:13-61:29
118                <action android:name="android.intent.action.VIEW" />
118-->[com.google.firebase:firebase-auth:21.0.1] AndroidManifest.xml:34:17-69
118-->[com.google.firebase:firebase-auth:21.0.1] AndroidManifest.xml:34:25-66
119
120                <category android:name="android.intent.category.DEFAULT" />
120-->[com.google.firebase:firebase-auth:21.0.1] AndroidManifest.xml:36:17-76
120-->[com.google.firebase:firebase-auth:21.0.1] AndroidManifest.xml:36:27-73
121                <category android:name="android.intent.category.BROWSABLE" />
121-->[com.google.firebase:firebase-auth:21.0.1] AndroidManifest.xml:37:17-78
121-->[com.google.firebase:firebase-auth:21.0.1] AndroidManifest.xml:37:27-75
122
123                <data
123-->[com.google.firebase:firebase-auth:21.0.1] AndroidManifest.xml:39:17-42:51
124                    android:host="firebase.auth"
124-->[com.google.firebase:firebase-auth:21.0.1] AndroidManifest.xml:40:21-49
125                    android:path="/"
125-->[com.google.firebase:firebase-auth:21.0.1] AndroidManifest.xml:41:21-37
126                    android:scheme="recaptcha" />
126-->[com.google.firebase:firebase-auth:21.0.1] AndroidManifest.xml:42:21-48
127            </intent-filter>
128        </activity>
129
130        <service
130-->[com.google.firebase:firebase-auth:21.0.1] AndroidManifest.xml:64:9-73:19
131            android:name="com.google.firebase.auth.api.fallback.service.FirebaseAuthFallbackService"
131-->[com.google.firebase:firebase-auth:21.0.1] AndroidManifest.xml:65:13-101
132            android:enabled="true"
132-->[com.google.firebase:firebase-auth:21.0.1] AndroidManifest.xml:66:13-35
133            android:exported="false" >
133-->[com.google.firebase:firebase-auth:21.0.1] AndroidManifest.xml:67:13-37
134            <intent-filter>
134-->[com.google.firebase:firebase-auth:21.0.1] AndroidManifest.xml:68:13-72:29
135                <action android:name="com.google.firebase.auth.api.gms.service.START" />
135-->[com.google.firebase:firebase-auth:21.0.1] AndroidManifest.xml:69:17-89
135-->[com.google.firebase:firebase-auth:21.0.1] AndroidManifest.xml:69:25-86
136
137                <category android:name="android.intent.category.DEFAULT" />
137-->[com.google.firebase:firebase-auth:21.0.1] AndroidManifest.xml:36:17-76
137-->[com.google.firebase:firebase-auth:21.0.1] AndroidManifest.xml:36:27-73
138            </intent-filter>
139        </service>
140        <service
140-->[com.google.firebase:firebase-auth:21.0.1] AndroidManifest.xml:74:9-80:19
141            android:name="com.google.firebase.components.ComponentDiscoveryService"
141-->[com.google.firebase:firebase-auth:21.0.1] AndroidManifest.xml:75:13-84
142            android:directBootAware="true"
142-->[com.google.firebase:firebase-common:20.0.0] AndroidManifest.xml:35:13-43
143            android:exported="false" >
143-->[com.google.firebase:firebase-auth:21.0.1] AndroidManifest.xml:76:13-37
144            <meta-data
144-->[com.google.firebase:firebase-auth:21.0.1] AndroidManifest.xml:77:13-79:85
145                android:name="com.google.firebase.components:com.google.firebase.auth.FirebaseAuthRegistrar"
145-->[com.google.firebase:firebase-auth:21.0.1] AndroidManifest.xml:78:17-109
146                android:value="com.google.firebase.components.ComponentRegistrar" />
146-->[com.google.firebase:firebase-auth:21.0.1] AndroidManifest.xml:79:17-82
147            <meta-data
147-->[com.google.firebase:firebase-firestore:23.0.4] AndroidManifest.xml:20:13-22:85
148                android:name="com.google.firebase.components:com.google.firebase.firestore.FirestoreRegistrar"
148-->[com.google.firebase:firebase-firestore:23.0.4] AndroidManifest.xml:21:17-111
149                android:value="com.google.firebase.components.ComponentRegistrar" />
149-->[com.google.firebase:firebase-firestore:23.0.4] AndroidManifest.xml:22:17-82
150            <meta-data
150-->[com.google.android.gms:play-services-measurement-api:19.0.2] AndroidManifest.xml:30:13-32:85
151                android:name="com.google.firebase.components:com.google.firebase.analytics.connector.internal.AnalyticsConnectorRegistrar"
151-->[com.google.android.gms:play-services-measurement-api:19.0.2] AndroidManifest.xml:31:17-139
152                android:value="com.google.firebase.components.ComponentRegistrar" />
152-->[com.google.android.gms:play-services-measurement-api:19.0.2] AndroidManifest.xml:32:17-82
153            <meta-data
153-->[com.google.firebase:firebase-installations:17.0.0] AndroidManifest.xml:18:13-20:85
154                android:name="com.google.firebase.components:com.google.firebase.installations.FirebaseInstallationsRegistrar"
154-->[com.google.firebase:firebase-installations:17.0.0] AndroidManifest.xml:19:17-127
155                android:value="com.google.firebase.components.ComponentRegistrar" />
155-->[com.google.firebase:firebase-installations:17.0.0] AndroidManifest.xml:20:17-82
156        </service> <!-- Needs to be explicitly declared on P+ -->
157        <uses-library
157-->[com.google.android.gms:play-services-maps:17.0.1] AndroidManifest.xml:39:9-41:40
158            android:name="org.apache.http.legacy"
158-->[com.google.android.gms:play-services-maps:17.0.1] AndroidManifest.xml:40:13-50
159            android:required="false" />
159-->[com.google.android.gms:play-services-maps:17.0.1] AndroidManifest.xml:41:13-37
160
161        <provider
161-->[com.google.firebase:firebase-common:20.0.0] AndroidManifest.xml:26:9-31:39
162            android:name="com.google.firebase.provider.FirebaseInitProvider"
162-->[com.google.firebase:firebase-common:20.0.0] AndroidManifest.xml:27:13-77
163            android:authorities="comp5216.sydney.edu.fridgebutler.firebaseinitprovider"
163-->[com.google.firebase:firebase-common:20.0.0] AndroidManifest.xml:28:13-72
164            android:directBootAware="true"
164-->[com.google.firebase:firebase-common:20.0.0] AndroidManifest.xml:29:13-43
165            android:exported="false"
165-->[com.google.firebase:firebase-common:20.0.0] AndroidManifest.xml:30:13-37
166            android:initOrder="100" />
166-->[com.google.firebase:firebase-common:20.0.0] AndroidManifest.xml:31:13-36
167
168        <activity
168-->[com.google.android.gms:play-services-base:17.1.0] AndroidManifest.xml:23:9-26:75
169            android:name="com.google.android.gms.common.api.GoogleApiActivity"
169-->[com.google.android.gms:play-services-base:17.1.0] AndroidManifest.xml:24:13-79
170            android:exported="false"
170-->[com.google.android.gms:play-services-base:17.1.0] AndroidManifest.xml:25:13-37
171            android:theme="@android:style/Theme.Translucent.NoTitleBar" />
171-->[com.google.android.gms:play-services-base:17.1.0] AndroidManifest.xml:26:13-72
172
173        <receiver
173-->[com.google.android.gms:play-services-measurement:19.0.2] AndroidManifest.xml:29:9-33:20
174            android:name="com.google.android.gms.measurement.AppMeasurementReceiver"
174-->[com.google.android.gms:play-services-measurement:19.0.2] AndroidManifest.xml:30:13-85
175            android:enabled="true"
175-->[com.google.android.gms:play-services-measurement:19.0.2] AndroidManifest.xml:31:13-35
176            android:exported="false" >
176-->[com.google.android.gms:play-services-measurement:19.0.2] AndroidManifest.xml:32:13-37
177        </receiver>
178
179        <service
179-->[com.google.android.gms:play-services-measurement:19.0.2] AndroidManifest.xml:35:9-38:40
180            android:name="com.google.android.gms.measurement.AppMeasurementService"
180-->[com.google.android.gms:play-services-measurement:19.0.2] AndroidManifest.xml:36:13-84
181            android:enabled="true"
181-->[com.google.android.gms:play-services-measurement:19.0.2] AndroidManifest.xml:37:13-35
182            android:exported="false" />
182-->[com.google.android.gms:play-services-measurement:19.0.2] AndroidManifest.xml:38:13-37
183        <service
183-->[com.google.android.gms:play-services-measurement:19.0.2] AndroidManifest.xml:39:9-43:72
184            android:name="com.google.android.gms.measurement.AppMeasurementJobService"
184-->[com.google.android.gms:play-services-measurement:19.0.2] AndroidManifest.xml:40:13-87
185            android:enabled="true"
185-->[com.google.android.gms:play-services-measurement:19.0.2] AndroidManifest.xml:41:13-35
186            android:exported="false"
186-->[com.google.android.gms:play-services-measurement:19.0.2] AndroidManifest.xml:42:13-37
187            android:permission="android.permission.BIND_JOB_SERVICE" />
187-->[com.google.android.gms:play-services-measurement:19.0.2] AndroidManifest.xml:43:13-69
188
189        <meta-data
189-->[com.google.android.gms:play-services-basement:17.1.0] AndroidManifest.xml:23:9-25:69
190            android:name="com.google.android.gms.version"
190-->[com.google.android.gms:play-services-basement:17.1.0] AndroidManifest.xml:24:13-58
191            android:value="@integer/google_play_services_version" />
191-->[com.google.android.gms:play-services-basement:17.1.0] AndroidManifest.xml:25:13-66
192    </application>
193
194</manifest>